<?xml version="1.0" encoding="UTF-8"?>
<!-- Generated by org.testng.reporters.JUnitReportReporter -->
<testsuite skipped="0" hostname="PUNM0973" name="BeforeAndAfter_TestAndMethod_Annotations.BeforeAfterMethodAnnotation" tests="3" failures="0" timestamp="12 Jun 2019 14:33:47 GMT" time="129.204" errors="0">
  <testcase name="verifyYahooTitle" time="103.539" classname="BeforeAndAfter_TestAndMethod_Annotations.BeforeAfterMethodAnnotation"/>
  <testcase name="verifygcrShopTitle" time="15.597" classname="BeforeAndAfter_TestAndMethod_Annotations.BeforeAfterMethodAnnotation"/>
  <testcase name="verifyGoogleTitle" time="10.068" classname="BeforeAndAfter_TestAndMethod_Annotations.BeforeAfterMethodAnnotation"/>
</testsuite> <!-- BeforeAndAfter_TestAndMethod_Annotations.BeforeAfterMethodAnnotation -->
