<?xml version="1.0" encoding="UTF-8"?>
<!-- Generated by org.testng.reporters.JUnitReportReporter -->
<testsuite skipped="0" hostname="PUNM0973" name="BeforeAndAfter_TestAndMethod_Annotations.TestNGFile" tests="1" failures="0" timestamp="12 Jun 2019 14:27:47 GMT" time="11.478" errors="0">
  <testcase name="register" time="11.478" classname="BeforeAndAfter_TestAndMethod_Annotations.TestNGFile"/>
</testsuite> <!-- BeforeAndAfter_TestAndMethod_Annotations.TestNGFile -->
