<?xml version="1.0" encoding="UTF-8"?>
<!-- Generated by org.testng.reporters.JUnitReportReporter -->
<testsuite skipped="0" hostname="PUNM0973" name="LearnTestNG.CustomerRegistration_GCRshop" tests="2" failures="0" timestamp="10 Jun 2019 15:19:25 GMT" time="32.354" errors="0">
  <testcase name="customerRegisterGCR" time="17.798" classname="LearnTestNG.CustomerRegistration_GCRshop"/>
  <testcase name="LoginGCRSHop" time="14.556" classname="LearnTestNG.CustomerRegistration_GCRshop"/>
</testsuite> <!-- LearnTestNG.CustomerRegistration_GCRshop -->
