<?xml version="1.0" encoding="UTF-8"?>
<!-- Generated by org.testng.reporters.JUnitReportReporter -->
<testsuite skipped="0" hostname="PUNM0973" name="PageObjectModel.GCRShopTestCase" tests="3" failures="0" timestamp="11 Jun 2019 05:04:54 GMT" time="34.840" errors="0">
  <testcase name="login" time="9.170" classname="PageObjectModel.GCRShopTestCase"/>
  <testcase name="RedirectAdmintoCustomerUI" time="14.456" classname="PageObjectModel.GCRShopTestCase"/>
  <testcase name="InvalidAdminLogin" time="11.214" classname="PageObjectModel.GCRShopTestCase"/>
</testsuite> <!-- PageObjectModel.GCRShopTestCase -->
