<?xml version="1.0" encoding="UTF-8"?>
<!-- Generated by org.testng.reporters.JUnitReportReporter -->
<testsuite skipped="0" hostname="PUNM0973" name="LearnTestNG.linkexistance" tests="1" failures="0" timestamp="10 Jun 2019 14:48:39 GMT" time="10.823" errors="0">
  <testcase name="checklinkexistance" time="10.823" classname="LearnTestNG.linkexistance"/>
</testsuite> <!-- LearnTestNG.linkexistance -->
