<?xml version="1.0" encoding="UTF-8"?>
<!-- Generated by org.testng.reporters.JUnitReportReporter -->
<testsuite skipped="0" hostname="PUNM0973" name="DependsOn_Annotations.CustomerRegistration_GCRshop" tests="5" failures="0" timestamp="11 Jun 2019 14:49:37 GMT" time="169.374" errors="0">
  <testcase name="adminLogin" time="37.559" classname="DependsOn_Annotations.CustomerRegistration_GCRshop"/>
  <testcase name="customerLoginGCRSHop" time="39.960" classname="DependsOn_Annotations.CustomerRegistration_GCRshop"/>
  <testcase name="InvalidAdminLogin" time="27.732" classname="DependsOn_Annotations.CustomerRegistration_GCRshop"/>
  <testcase name="InvalidAdminLogin_UsingDataDriven" time="33.106" classname="DependsOn_Annotations.CustomerRegistration_GCRshop"/>
  <testcase name="customerRegisterGCR" time="31.017" classname="DependsOn_Annotations.CustomerRegistration_GCRshop"/>
</testsuite> <!-- DependsOn_Annotations.CustomerRegistration_GCRshop -->
