<?xml version="1.0" encoding="UTF-8"?>
<!-- Generated by org.testng.reporters.JUnitReportReporter -->
<testsuite skipped="0" hostname="PUNM0973" name="LearnTestNG.LoginIRCTC" tests="1" failures="0" timestamp="10 Jun 2019 15:03:17 GMT" time="71.881" errors="0">
  <testcase name="Login_IRCTC" time="71.881" classname="LearnTestNG.LoginIRCTC"/>
</testsuite> <!-- LearnTestNG.LoginIRCTC -->
