<?xml version="1.0" encoding="UTF-8"?>
<!-- Generated by org.testng.reporters.JUnitReportReporter -->
<testsuite skipped="0" hostname="PUNM0973" name="BeforeAndAfter_TestAndMethod_Annotations.BeforeAfterClassAnnotation" tests="3" failures="0" timestamp="12 Jun 2019 14:30:13 GMT" time="128.042" errors="0">
  <testcase name="verifyYahooTitle" time="107.605" classname="BeforeAndAfter_TestAndMethod_Annotations.BeforeAfterClassAnnotation"/>
  <testcase name="verifygcrShopTitle" time="10.175" classname="BeforeAndAfter_TestAndMethod_Annotations.BeforeAfterClassAnnotation"/>
  <testcase name="verifyGoogleTitle" time="10.262" classname="BeforeAndAfter_TestAndMethod_Annotations.BeforeAfterClassAnnotation"/>
</testsuite> <!-- BeforeAndAfter_TestAndMethod_Annotations.BeforeAfterClassAnnotation -->
